This is pdfTeX, Version 3.14159265-2.6-1.40.19 (TeX Live 2019/dev/Debian) (preloaded format=pdflatex 2022.7.10)  8 SEP 2022 23:17
entering extended mode
 restricted \write18 enabled.
 %&-line parsing enabled.
**../../latex/USPSC-3.1/USPSC-modelo-IAU_RedarTex.tex
(../../latex/USPSC-3.1/USPSC-modelo-IAU_RedarTex.tex
LaTeX2e <2018-12-01>

! LaTeX Error: File `USPSC-classe/USPSC_RedarTex.cls' not found.

Type X to quit or <RETURN> to proceed,
or enter new name. (Default extension: cls)

Enter file name: 
! Emergency stop.
<read *> 
         
l.67 \usepackage
                [T1]{fontenc}		% Sele\c{c}\~ao de c\'odigos de fonte.^^M
*** (cannot \read from terminal in nonstop modes)

 
Here is how much of TeX's memory you used:
 12 strings out of 494468
 415 string characters out of 6175091
 53691 words of memory out of 5000000
 3783 multiletter control sequences out of 15000+600000
 3640 words of font info for 14 fonts, out of 8000000 for 9000
 61 hyphenation exceptions out of 8191
 10i,0n,8p,176b,8s stack positions out of 5000i,500n,10000p,200000b,80000s
!  ==> Fatal error occurred, no output PDF file produced!
